<?xml version="1.0" encoding="UTF-8"?>
<!-- Generated by org.testng.reporters.JUnitReportReporter -->
<testsuite skipped="0" hostname="MININT-RDGUESI" name="sdet.cucumber.TestRunner" tests="1" failures="0" timestamp="21 Dec 2018 17:44:09 GMT" time="23.858" errors="0">
  <testcase name="feature" time="23.858" classname="sdet.cucumber.TestRunner"/>
</testsuite> <!-- sdet.cucumber.TestRunner -->
